<?xml version="1.0" encoding="UTF-8"?>
<!-- Generated by org.testng.reporters.JUnitXMLReporter -->
<testsuite hostname="DESKTOP-TKHHJCC" failures="2" tests="2" name="Test" time="11.754" errors="0" timestamp="10 Mar 2020 03:31:19 GMT">
  <testcase classname="pack.HomePageTest" name="basePageNavigation" time="0.005">
    <failure type="java.lang.Error" message="Unresolved compilation problem: 
	The method getLogin() in the type HomePageWebElements is not applicable for the arguments (int)
">
      <![CDATA[java.lang.Error: Unresolved compilation problem: 
	The method getLogin() in the type HomePageWebElements is not applicable for the arguments (int)

	at pack.HomePageTest.basePageNavigation(HomePageTest.java:36)
... Removed 24 stack frames]]>
    </failure>
  </testcase> <!-- basePageNavigation -->
  <testcase classname="pack.HomePageTest" name="basePageNavigation" time="0.012">
    <failure type="java.lang.NullPointerException">
      <![CDATA[java.lang.NullPointerException
	at resources.Base.getScreenShot(Base.java:53)
	at pack.Listeners.onTestFailure(Listeners.java:22)
... Removed 21 stack frames]]>
    </failure>
  </testcase> <!-- basePageNavigation -->
</testsuite> <!-- Test -->
